#
# A fatal error has been detected by the Java Runtime Environment:
#
#  Internal Error (javaClasses.cpp:136), pid=17696, tid=8700
#  fatal error: Invalid layout of preloaded class
#
# JRE version:  (7.0_45-b18) (build )
# Java VM: Java HotSpot(TM) 64-Bit Server VM (24.45-b08 mixed mode windows-amd64 compressed oops)
# Failed to write core dump. Minidumps are not enabled by default on client versions of Windows
#
# If you would like to submit a bug report, please visit:
#   http://bugreport.sun.com/bugreport/crash.jsp
#

---------------  T H R E A D  ---------------

Current thread (0x0000000002aa2800):  JavaThread "Unknown thread" [_thread_in_vm, id=8700, stack(0x0000000002920000,0x0000000002a20000)]

Stack: [0x0000000002920000,0x0000000002a20000]

---------------  P R O C E S S  ---------------

Java Threads: ( => current thread )

Other Threads:

=>0x0000000002aa2800 (exited) JavaThread "Unknown thread" [_thread_in_vm, id=8700, stack(0x0000000002920000,0x0000000002a20000)]

VM state:not at safepoint (not fully initialized)

VM Mutex/Monitor currently owned by a thread: None

GC Heap History (0 events):
No events

Deoptimization events (0 events):
No events

Internal exceptions (0 events):
No events

Events (10 events):
Event: 0.014 loading class 0x0000000002ae7690 done
Event: 0.014 loading class 0x0000000002ae70b0 done
Event: 0.014 loading class 0x0000000002ae7090
Event: 0.014 loading class 0x0000000002aef190
Event: 0.014 loading class 0x0000000002aef190 done
Event: 0.014 loading class 0x0000000002aef1c0
Event: 0.014 loading class 0x0000000002aef1c0 done
Event: 0.014 loading class 0x0000000002aef1f0
Event: 0.014 loading class 0x0000000002aef1f0 done
Event: 0.014 loading class 0x0000000002ae7090 done


Dynamic libraries:
0x000007f611470000 - 0x000007f6114a3000 	C:\Program Files\Java\jre7\bin\javaw.exe
0x000007fdc6b10000 - 0x000007fdc6cce000 	C:\windows\SYSTEM32\ntdll.dll
0x000007fdc40e0000 - 0x000007fdc4217000 	C:\windows\system32\KERNEL32.DLL
0x000007fdc3d50000 - 0x000007fdc3e44000 	C:\windows\system32\KERNELBASE.dll
0x000007fdc6a30000 - 0x000007fdc6b0e000 	C:\windows\system32\ADVAPI32.dll
0x000007fdc42f0000 - 0x000007fdc443c000 	C:\windows\system32\USER32.dll
0x000007fdc2a20000 - 0x000007fdc2c8a000 	C:\windows\WinSxS\amd64_microsoft.windows.common-controls_6595b64144ccf1df_6.0.9200.16579_none_418ab7ef718b27ef\COMCTL32.dll
0x000007fdc6640000 - 0x000007fdc66e5000 	C:\windows\system32\msvcrt.dll
0x000007fdc5140000 - 0x000007fdc5188000 	C:\windows\SYSTEM32\sechost.dll
0x000007fdc4c40000 - 0x000007fdc4d85000 	C:\windows\system32\RPCRT4.dll
0x000007fdc4910000 - 0x000007fdc4a51000 	C:\windows\system32\GDI32.dll
0x000007fdc6750000 - 0x000007fdc6789000 	C:\windows\system32\IMM32.DLL
0x000007fdc4670000 - 0x000007fdc4786000 	C:\windows\system32\MSCTF.dll
0x00000000628e0000 - 0x00000000629b2000 	C:\Program Files\Java\jre7\bin\msvcr100.dll
0x0000000061de0000 - 0x00000000625a9000 	C:\Program Files\Java\jre7\bin\server\jvm.dll
0x000007fdbc3f0000 - 0x000007fdbc3f9000 	C:\windows\SYSTEM32\WSOCK32.dll
0x000007fdbd580000 - 0x000007fdbd5a0000 	C:\windows\SYSTEM32\WINMM.dll
0x000007fdc6740000 - 0x000007fdc6747000 	C:\windows\system32\PSAPI.DLL
0x000007fdc4a60000 - 0x000007fdc4ab8000 	C:\windows\system32\WS2_32.dll
0x000007fdbd540000 - 0x000007fdbd573000 	C:\windows\SYSTEM32\WINMMBASE.dll
0x000007fdc4220000 - 0x000007fdc4229000 	C:\windows\system32\NSI.dll
0x000007fdc3b20000 - 0x000007fdc3b6f000 	C:\windows\SYSTEM32\cfgmgr32.dll
0x000007fdc3ad0000 - 0x000007fdc3af2000 	C:\windows\system32\DEVOBJ.dll
0x0000000062e60000 - 0x0000000062e6f000 	C:\Program Files\Java\jre7\bin\verify.dll
0x0000000062e30000 - 0x0000000062e58000 	C:\Program Files\Java\jre7\bin\java.dll
0x0000000062e10000 - 0x0000000062e25000 	C:\Program Files\Java\jre7\bin\zip.dll

VM Arguments:
jvm_args: -Dfile.encoding=GBK -Xbootclasspath/p:D:\AndroidSDK\platforms\android-19\android.jar 
java_command: ics.mobilememo.service.timingservice.PCHost
Launcher Type: SUN_STANDARD

Environment Variables:
PATH=C:\Python27\Lib\site-packages\PyQt4;C:\Program Files (x86)\Intel\iCLS Client\;C:\Program Files\Intel\iCLS Client\;C:\windows\system32;C:\windows;C:\windows\System32\Wbem;C:\windows\System32\WindowsPowerShell\v1.0\;C:\Program Files\Intel\Intel(R) Management Engine Components\DAL;C:\Program Files\Intel\Intel(R) Management Engine Components\IPT;C:\Program Files (x86)\Intel\Intel(R) Management Engine Components\DAL;C:\Program Files (x86)\Intel\Intel(R) Management Engine Components\IPT;C:\Program Files\Condusiv Technologies\ExpressCache\;C:\ProgramData\Lenovo\ReadyApps;C:\CTEX\UserData\miktex\bin;C:\CTEX\MiKTeX\miktex\bin;C:\CTEX\CTeX\ctex\bin;C:\CTEX\CTeX\cct\bin;C:\CTEX\CTeX\ty\bin;C:\CTEX\Ghostscript\gs9.05\bin;C:\CTEX\GSview\gsview;C:\CTEX\WinEdt;C:\Program Files\Intel\WiFi\bin\;C:\Program Files\Common Files\Intel\WirelessCommon\;C:\Python27;C:\Python27\DLLs;C:\Python27\Scripts;C:\Python27\Lib\site-packages\vtk;C:\Python27\gnuplot\binary;C:\Python27\Lib\site-packages\osgeo;C:\Program Files (x86)\pythonxy\SciTE-3.3.2-3;C:\Program Files (x86)\pythonxy\console;C:\MinGW32-xy\bin;C:\Program Files (x86)\pythonxy\swig;C:\Program Files (x86)\pythonxy\gettext\bin;C:\Program Files\MATLAB\R2013b\runtime\win64;C:\Program Files\MATLAB\R2013b\bin;C:\Program Files\MATLAB\R2013b\polyspace\bin;D:\AndroidSDK\platform-tools;D:\AndroidSDK;C:\Program Files\doxygen\bin;C:\Program Files (x86)\Mscgen;
USERNAME=ics-ant
OS=Windows_NT
PROCESSOR_IDENTIFIER=Intel64 Family 6 Model 58 Stepping 9, GenuineIntel



---------------  S Y S T E M  ---------------

OS: Windows 8 , 64 bit Build 9200 

CPU:total 4 (2 cores per cpu, 2 threads per core) family 6 model 58 stepping 9, cmov, cx8, fxsr, mmx, sse, sse2, sse3, ssse3, sse4.1, sse4.2, popcnt, avx, erms, ht, tsc, tscinvbit, tscinv

Memory: 4k page, physical 8203676k(1897276k free), swap 20262300k(8859396k free)

vm_info: Java HotSpot(TM) 64-Bit Server VM (24.45-b08) for windows-amd64 JRE (1.7.0_45-b18), built on Oct  8 2013 05:47:22 by "java_re" with unknown MS VC++:1600

time: Thu Jul 17 23:07:41 2014
elapsed time: 0 seconds

